<?xml version="1.0" encoding="UTF-8"?>
<!-- Generated by org.testng.reporters.JUnitReportReporter -->
<testsuite hostname="Hp" name="pac1.Facebook" tests="1" failures="0" timestamp="29 Nov 2016 04:53:37 GMT" time="36.394" errors="0">
  <testcase name="facebookVerifyTest" time="36.394" classname="pac1.Facebook"/>
</testsuite> <!-- pac1.Facebook -->
