<?xml version="1.0" encoding="UTF-8"?>
<!-- Generated by org.testng.reporters.JUnitReportReporter -->
<testsuite hostname="Hp" name="pac.crossBrowser.NewTest" tests="2" failures="0" timestamp="3 Apr 2017 16:11:14 GMT" time="81.305" errors="0">
  <testcase name="test1" time="61.421" classname="pac.crossBrowser.NewTest"/>
  <testcase name="test2" time="19.884" classname="pac.crossBrowser.NewTest"/>
</testsuite> <!-- pac.crossBrowser.NewTest -->
