<?xml version="1.0" encoding="UTF-8"?>
<!-- Generated by org.testng.reporters.JUnitReportReporter -->
<testsuite hostname="Hp" name="pac1.Mailbook" tests="1" failures="0" timestamp="30 Nov 2016 10:23:07 GMT" time="42.326" errors="0">
  <testcase name="mailVerifyTest" time="42.326" classname="pac1.Mailbook"/>
</testsuite> <!-- pac1.Mailbook -->
