<?xml version="1.0" encoding="UTF-8"?>
<!-- Generated by org.testng.reporters.JUnitReportReporter -->
<testsuite hostname="Hp" name="pac3.Gmail" tests="1" failures="0" timestamp="6 Apr 2017 08:54:07 GMT" time="0.019" errors="0">
  <testcase name="f" time="0.019" classname="pac3.Gmail"/>
</testsuite> <!-- pac3.Gmail -->
