<?xml version="1.0" encoding="UTF-8"?>
<!-- Generated by org.testng.reporters.JUnitReportReporter -->
<testsuite hostname="Hp" name="pac.crossBrowser.NewTest1" tests="2" failures="0" timestamp="4 Apr 2017 07:33:45 GMT" time="45.568" errors="0">
  <testcase name="test1" time="27.207" classname="pac.crossBrowser.NewTest1"/>
  <testcase name="test2" time="18.361" classname="pac.crossBrowser.NewTest1"/>
</testsuite> <!-- pac.crossBrowser.NewTest1 -->
