<?xml version="1.0" encoding="UTF-8"?>
<!-- Generated by org.testng.reporters.JUnitReportReporter -->
<testsuite skipped="0" hostname="DESKTOP-I44V9O6" name="com.Qa.test.DemoTest" tests="4" failures="0" timestamp="11 Apr 2018 06:04:47 GMT" time="0.014" errors="0">
  <testcase name="mul" time="0.001" classname="com.Qa.test.DemoTest"/>
  <testcase name="div" time="0.012" classname="com.Qa.test.DemoTest"/>
  <testcase name="sum" time="0.001" classname="com.Qa.test.DemoTest"/>
  <testcase name="sub" time="0.000" classname="com.Qa.test.DemoTest"/>
</testsuite> <!-- com.Qa.test.DemoTest -->
