<?xml version="1.0" encoding="UTF-8"?>
<!-- Generated by org.testng.reporters.JUnitReportReporter -->
<testsuite skipped="0" hostname="DESKTOP-I44V9O6" name="pack1.LoginTest" tests="2" failures="0" timestamp="26 Apr 2018 09:32:36 GMT" time="27.916" errors="0">
  <testcase name="launchUrlTest" time="26.031" classname="pack1.LoginTest"/>
  <testcase name="LoginTest" time="1.885" classname="pack1.LoginTest"/>
</testsuite> <!-- pack1.LoginTest -->
