<?xml version="1.0" encoding="UTF-8"?>
<!-- Generated by org.testng.reporters.JUnitReportReporter -->
<testsuite skipped="0" hostname="DESKTOP-I44V9O6" name="pack1.ExcelProgramm" tests="3" failures="0" timestamp="18 Aug 2018 16:44:11 GMT" time="6.977" errors="0">
  <testcase name="setData" time="1.127" classname="pack1.ExcelProgramm"/>
  <testcase name="CsvData" time="0.052" classname="pack1.ExcelProgramm"/>
  <testcase name="readData" time="5.798" classname="pack1.ExcelProgramm"/>
</testsuite> <!-- pack1.ExcelProgramm -->
