<?xml version="1.0" encoding="UTF-8"?>
<!-- Generated by org.testng.reporters.JUnitReportReporter -->
<testsuite skipped="0" hostname="DESKTOP-I44V9O6" name="pack1.FreeCrmTest" tests="2" failures="0" timestamp="16 May 2018 15:03:41 GMT" time="42.959" errors="1">
  <testcase name="loginWithCustomerTest" time="17.813" classname="pack1.FreeCrmTest"/>
  <testcase name="loginWithAdminTest" time="25.146" classname="pack1.FreeCrmTest">
    <error type="org.openqa.selenium.remote.UnreachableBrowserException" message="Error communicating with the remote browser. It may have died.
Build info: version: &#039;unknown&#039;, revision: &#039;8c03df6&#039;, time: &#039;2017-03-02 09:30:17 -0800&#039;
System info: host: &#039;DESKTOP-I44V9O6&#039;, ip: &#039;192.168.0.104&#039;, os.name: &#039;Windows 10&#039;, os.arch: &#039;amd64&#039;, os.version: &#039;10.0&#039;, java.version: &#039;1.8.0_161&#039;
Driver info: driver.version: RemoteWebDriver
Capabilities [{applicationCacheEnabled=true, rotatable=false, handlesAlerts=true, databaseEnabled=true, version=46.0, platform=WINDOWS, nativeEvents=false, acceptSslCerts=true, webStorageEnabled=true, locationContextEnabled=true, browserName=firefox, takesScreenshot=true, javascriptEnabled=true, cssSelectorsEnabled=true}]
Session ID: 0ba3b8f5-3c6e-4737-b998-a3fc3aa3a0e3">
      <![CDATA[org.openqa.selenium.remote.UnreachableBrowserException: Error communicating with the remote browser. It may have died.Build info: version: 'unknown', revision: '8c03df6', time: '2017-03-02 09:30:17 -0800'System info: host: 'DESKTOP-I44V9O6', ip: '192.168.0.104', os.name: 'Windows 10', os.arch: 'amd64', os.version: '10.0', java.version: '1.8.0_161'Driver info: driver.version: RemoteWebDriverCapabilities [{applicationCacheEnabled=true, rotatable=false, handlesAlerts=true, databaseEnabled=true, version=46.0, platform=WINDOWS, nativeEvents=false, acceptSslCerts=true, webStorageEnabled=true, locationContextEnabled=true, browserName=firefox, takesScreenshot=true, javascriptEnabled=true, cssSelectorsEnabled=true}]Session ID: 0ba3b8f5-3c6e-4737-b998-a3fc3aa3a0e3at org.openqa.selenium.remote.RemoteWebDriver.execute(RemoteWebDriver.java:625)at org.openqa.selenium.remote.RemoteWebDriver.findElement(RemoteWebDriver.java:371)at org.openqa.selenium.remote.RemoteWebDriver.findElementByName(RemoteWebDriver.java:452)at org.openqa.selenium.By$ByName.findElement(By.java:303)at org.openqa.selenium.remote.RemoteWebDriver.findElement(RemoteWebDriver.java:363)at pack1.FreeCrmTest.loginWithAdminTest(FreeCrmTest.java:45)at sun.reflect.NativeMethodAccessorImpl.invoke0(Native Method)at sun.reflect.NativeMethodAccessorImpl.invoke(NativeMethodAccessorImpl.java:62)at sun.reflect.DelegatingMethodAccessorImpl.invoke(DelegatingMethodAccessorImpl.java:43)at java.lang.reflect.Method.invoke(Method.java:498)at org.testng.internal.MethodInvocationHelper.invokeMethod(MethodInvocationHelper.java:124)at org.testng.internal.Invoker.invokeMethod(Invoker.java:571)at org.testng.internal.Invoker.invokeTestMethod(Invoker.java:707)at org.testng.internal.Invoker.invokeTestMethods(Invoker.java:979)at org.testng.internal.TestMethodWorker.invokeTestMethods(TestMethodWorker.java:125)at org.testng.internal.TestMethodWorker.run(TestMethodWorker.java:109)at org.testng.TestRunner.privateRun(TestRunner.java:648)at org.testng.TestRunner.run(TestRunner.java:505)at org.testng.SuiteRunner.runTest(SuiteRunner.java:455)at org.testng.SuiteRunner.runSequentially(SuiteRunner.java:450)at org.testng.SuiteRunner.privateRun(SuiteRunner.java:415)at org.testng.SuiteRunner.run(SuiteRunner.java:364)at org.testng.SuiteRunnerWorker.runSuite(SuiteRunnerWorker.java:52)at org.testng.SuiteRunnerWorker.run(SuiteRunnerWorker.java:84)at org.testng.TestNG.runSuitesSequentially(TestNG.java:1187)at org.testng.TestNG.runSuitesLocally(TestNG.java:1116)at org.testng.TestNG.runSuites(TestNG.java:1028)at org.testng.TestNG.run(TestNG.java:996)at org.testng.remote.AbstractRemoteTestNG.run(AbstractRemoteTestNG.java:114)at org.testng.remote.RemoteTestNG.initAndRun(RemoteTestNG.java:251)at org.testng.remote.RemoteTestNG.main(RemoteTestNG.java:77)Caused by: org.apache.http.conn.HttpHostConnectException: Connect to 127.0.0.1:7058 [/127.0.0.1] failed: Connection refused: connectat org.apache.http.impl.conn.DefaultHttpClientConnectionOperator.connect(DefaultHttpClientConnectionOperator.java:158)at org.apache.http.impl.conn.PoolingHttpClientConnectionManager.connect(PoolingHttpClientConnectionManager.java:353)at org.apache.http.impl.execchain.MainClientExec.establishRoute(MainClientExec.java:380)at org.apache.http.impl.execchain.MainClientExec.execute(MainClientExec.java:236)at org.apache.http.impl.execchain.ProtocolExec.execute(ProtocolExec.java:184)at org.apache.http.impl.execchain.RetryExec.execute(RetryExec.java:88)at org.apache.http.impl.execchain.RedirectExec.execute(RedirectExec.java:110)at org.apache.http.impl.client.InternalHttpClient.doExecute(InternalHttpClient.java:184)at org.apache.http.impl.client.CloseableHttpClient.execute(CloseableHttpClient.java:71)at org.apache.http.impl.client.CloseableHttpClient.execute(CloseableHttpClient.java:55)at org.openqa.selenium.remote.internal.ApacheHttpClient.fallBackExecute(ApacheHttpClient.java:160)at org.openqa.selenium.remote.internal.ApacheHttpClient.execute(ApacheHttpClient.java:88)at org.openqa.selenium.remote.HttpCommandExecutor.execute(HttpCommandExecutor.java:160)at org.openqa.selenium.firefox.internal.NewProfileExtensionConnection.execute(NewProfileExtensionConnection.java:159)at org.openqa.selenium.firefox.FirefoxDriver$LazyCommandExecutor.execute(FirefoxDriver.java:502)at org.openqa.selenium.remote.RemoteWebDriver.execute(RemoteWebDriver.java:604)... 30 moreCaused by: java.net.ConnectException: Connection refused: connectat java.net.DualStackPlainSocketImpl.waitForConnect(Native Method)at java.net.DualStackPlainSocketImpl.socketConnect(DualStackPlainSocketImpl.java:85)at java.net.AbstractPlainSocketImpl.doConnect(AbstractPlainSocketImpl.java:350)at java.net.AbstractPlainSocketImpl.connectToAddress(AbstractPlainSocketImpl.java:206)at java.net.AbstractPlainSocketImpl.connect(AbstractPlainSocketImpl.java:188)at java.net.PlainSocketImpl.connect(PlainSocketImpl.java:172)at java.net.SocksSocketImpl.connect(SocksSocketImpl.java:392)at java.net.Socket.connect(Socket.java:589)at org.apache.http.conn.socket.PlainConnectionSocketFactory.connectSocket(PlainConnectionSocketFactory.java:74)at org.apache.http.impl.conn.DefaultHttpClientConnectionOperator.connect(DefaultHttpClientConnectionOperator.java:141)... 45 more]]>
    </error>
  </testcase> <!-- loginWithAdminTest -->
</testsuite> <!-- pack1.FreeCrmTest -->
