<?xml version="1.0" encoding="UTF-8"?>
<!-- Generated by org.testng.reporters.JUnitReportReporter -->
<testsuite skipped="0" hostname="DESKTOP-I44V9O6" name="pack1.Pagetest" tests="1" failures="0" timestamp="11 May 2018 07:59:54 GMT" time="78.636" errors="0">
  <testcase name="mytest1" time="78.636" classname="pack1.Pagetest"/>
</testsuite> <!-- pack1.Pagetest -->
