<?xml version="1.0" encoding="UTF-8"?>
<!-- Generated by org.testng.reporters.JUnitReportReporter -->
<testsuite hostname="LINKAN" name="RobotClass.FileUpload" tests="1" failures="0" timestamp="26 Sep 2017 07:41:56 GMT" time="42.053" errors="0">
  <testcase name="fileUploadExa" time="42.053" classname="RobotClass.FileUpload"/>
</testsuite> <!-- RobotClass.FileUpload -->
