<?xml version="1.0" encoding="UTF-8"?>
<!-- Generated by org.testng.reporters.JUnitReportReporter -->
<testsuite hostname="LINKAN" name="ActualTestCase.VerifyValidLogin" tests="1" failures="0" timestamp="26 Sep 2017 07:37:58 GMT" time="29.932" errors="0">
  <testcase name="validUserCheck" time="29.932" classname="ActualTestCase.VerifyValidLogin"/>
</testsuite> <!-- ActualTestCase.VerifyValidLogin -->
