<?xml version="1.0" encoding="UTF-8"?>
<!-- Generated by org.testng.reporters.JUnitReportReporter -->
<testsuite skipped="0" hostname="DESKTOP-I44V9O6" name="com.Qa.test.DemoTest" tests="4" failures="0" timestamp="04 Apr 2018 06:44:16 GMT" time="0.031" errors="0">
  <testcase name="sub" time="0.002" classname="com.Qa.test.DemoTest"/>
  <testcase name="div" time="0.024" classname="com.Qa.test.DemoTest"/>
  <testcase name="sum" time="0.003" classname="com.Qa.test.DemoTest"/>
  <testcase name="mul" time="0.002" classname="com.Qa.test.DemoTest"/>
</testsuite> <!-- com.Qa.test.DemoTest -->
